<?xml version="1.0" encoding="UTF-8" ?>
<testsuite tests="1" failures="1" name="com.org.mavenStudy.mavenproject.Testcase001" time="32.564" errors="0" skipped="0">
  <properties>
[...]
</properties>
  <testcase classname="com.org.mavenStudy.mavenproject.Testcase001" name="Login" time="32.564">
    <failure message="no such element
  (Session info: chrome=48.0.2564.109)
  (Driver info: chromedriver=2.9.248315,platform=Windows NT 6.2 x86_64) (WARNING: The server did not provide any stacktrace information)
Command duration or timeout: 519 milliseconds
For documentation on this error, please visit: http://seleniumhq.org/exceptions/no_such_element.html
Build info: version: &apos;2.52.0&apos;, revision: &apos;4c2593cfc3689a7fcd7be52549167e5ccc93ad28&apos;, time: &apos;2016-02-11 11:22:43&apos;
System info: host: &apos;Renju-PC&apos;, ip: &apos;192.168.4.53&apos;, os.name: &apos;Windows 8&apos;, os.arch: &apos;amd64&apos;, os.version: &apos;6.2&apos;, java.version: &apos;1.8.0_11&apos;
Driver info: org.openqa.selenium.chrome.ChromeDriver
Capabilities [{applicationCacheEnabled=false, rotatable=false, chrome={userDataDir=C:\Users\renju\AppData\Local\Temp\scoped_dir8940_22395}, takesHeapSnapshot=true, databaseEnabled=false, handlesAlerts=true, version=48.0.2564.109, platform=WIN8, browserConnectionEnabled=false, nativeEvents=true, acceptSslCerts=true, locationContextEnabled=true, webStorageEnabled=true, browserName=chrome, takesScreenshot=true, javascriptEnabled=true, cssSelectorsEnabled=true}]
Session ID: 771dba5e7523fd18af9b17bc7e8ef821
*** Element info: {Using=xpath, value=//*[@name=&apos;UserName&apos;]}" type="org.openqa.selenium.NoSuchElementException">org.openqa.selenium.NoSuchElementException: no such element
  (Session info: chrome=48.0.2564.109)
  (Driver info: chromedriver=2.9.248315,platform=Windows NT 6.2 x86_64) (WARNING: The server did not provide any stacktrace information)
Command duration or timeout: 519 milliseconds
For documentation on this error, please visit: http://seleniumhq.org/exceptions/no_such_element.html
Build info: version: &apos;2.52.0&apos;, revision: &apos;4c2593cfc3689a7fcd7be52549167e5ccc93ad28&apos;, time: &apos;2016-02-11 11:22:43&apos;
System info: host: &apos;Renju-PC&apos;, ip: &apos;192.168.4.53&apos;, os.name: &apos;Windows 8&apos;, os.arch: &apos;amd64&apos;, os.version: &apos;6.2&apos;, java.version: &apos;1.8.0_11&apos;
Driver info: org.openqa.selenium.chrome.ChromeDriver
Capabilities [{applicationCacheEnabled=false, rotatable=false, chrome={userDataDir=C:\Users\renju\AppData\Local\Temp\scoped_dir8940_22395}, takesHeapSnapshot=true, databaseEnabled=false, handlesAlerts=true, version=48.0.2564.109, platform=WIN8, browserConnectionEnabled=false, nativeEvents=true, acceptSslCerts=true, locationContextEnabled=true, webStorageEnabled=true, browserName=chrome, takesScreenshot=true, javascriptEnabled=true, cssSelectorsEnabled=true}]
Session ID: 771dba5e7523fd18af9b17bc7e8ef821
*** Element info: {Using=xpath, value=//*[@name=&apos;UserName&apos;]}
	at sun.reflect.NativeConstructorAccessorImpl.newInstance0(Native Method)
	at sun.reflect.NativeConstructorAccessorImpl.newInstance(Unknown Source)
	at sun.reflect.DelegatingConstructorAccessorImpl.newInstance(Unknown Source)
	at java.lang.reflect.Constructor.newInstance(Unknown Source)
	at org.openqa.selenium.remote.ErrorHandler.createThrowable(ErrorHandler.java:206)
	at org.openqa.selenium.remote.ErrorHandler.throwIfResponseFailed(ErrorHandler.java:158)
	at org.openqa.selenium.remote.RemoteWebDriver.execute(RemoteWebDriver.java:678)
	at org.openqa.selenium.remote.RemoteWebDriver.findElement(RemoteWebDriver.java:363)
	at org.openqa.selenium.remote.RemoteWebDriver.findElementByXPath(RemoteWebDriver.java:500)
	at org.openqa.selenium.By$ByXPath.findElement(By.java:361)
	at org.openqa.selenium.remote.RemoteWebDriver.findElement(RemoteWebDriver.java:355)
	at org.openqa.selenium.support.pagefactory.DefaultElementLocator.findElement(DefaultElementLocator.java:69)
	at org.openqa.selenium.support.pagefactory.internal.LocatingElementHandler.invoke(LocatingElementHandler.java:38)
	at com.sun.proxy.$Proxy3.sendKeys(Unknown Source)
	at com.org.mavenStudy.mavenproject.Action.LoginPageAction.applogin(LoginPageAction.java:18)
	at com.org.mavenStudy.mavenproject.Testcase001.Login(Testcase001.java:22)
</failure>
    <system-out>Configuring TestNG with: org.apache.maven.surefire.testng.conf.TestNG652Configurator@782830e
</system-out>
    <system-err>Starting ChromeDriver (v2.9.248315) on port 22809
Starting ChromeDriver (v2.9.248315) on port 7922
</system-err>
  </testcase>
</testsuite>