-------------------------------------------------------------------------------
Test set: TestSuite
-------------------------------------------------------------------------------
Tests run: 1, Failures: 1, Errors: 0, Skipped: 0, Time elapsed: 201.314 sec <<< FAILURE!
Login(com.org.mavenStudy.mavenproject.Testcase001)  Time elapsed: 200.086 sec  <<< FAILURE!
java.lang.NullPointerException
	at com.org.mavenStudy.mavenproject.Homepageobject.clickOnProperty(Homepageobject.java:23)
	at com.org.mavenStudy.mavenproject.Testcase001.Login(Testcase001.java:22)

